<?xml version="1.0" encoding="UTF-8"?>
<testsuite xmlns:xsi="http://www.w3.org/2001/XMLSchema-instance" xsi:schemaLocation="https://maven.apache.org/surefire/maven-surefire-plugin/xsd/surefire-test-report.xsd" name="TestSuite" time="13.37" tests="3" errors="0" skipped="0" failures="1">
  <properties>
[...]
</properties>
  <testcase name="loginapplication" classname="com.salesforce.tests.Loginsalesforcetest" time="2.756"/>
  <testcase name="invalidusernameandpassword" classname="com.salesforce.tests.Loginsalesforcetest" time="1.393">
    <failure message="expected [check your username and password. If you still can&apos;t log in, contact your Salesforce administrator.] but found [Please check your username and password. If you still can&apos;t log in, contact your Salesforce administrator.]" type="java.lang.AssertionError">java.lang.AssertionError: expected [check your username and password. If you still can't log in, contact your Salesforce administrator.] but found [Please check your username and password. If you still can't log in, contact your Salesforce administrator.]
	at com.salesforce.tests.Loginsalesforcetest.invalidusernameandpassword(Loginsalesforcetest.java:78)
</failure>
    <system-out><![CDATA[2024-09-20 16:10:49 INFO  Log:17 - ****************           -S-T-A-R-T-Login       ****************
]]></system-out>
    <system-err><![CDATA[[1726863047.946][SEVERE]: Unable to receive message from renderer
Starting ChromeDriver 128.0.6613.137 (fe621c5aa2d6b987e964fb1b5066833da5fb613d-refs/branch-heads/6613@{#1711}) on port 38793
Only local connections are allowed.
Please see https://chromedriver.chromium.org/security-considerations for suggestions on keeping ChromeDriver safe.
ChromeDriver was started successfully on port 38793.
Sep 20, 2024 4:10:49 PM org.openqa.selenium.remote.ProtocolHandshake createSession
INFO: Detected dialect: W3C
]]></system-err>
  </testcase>
  <testcase name="loginapplicationwithoutpassword" classname="com.salesforce.tests.Loginsalesforcetest" time="1.146"/>
</testsuite>