<?xml version="1.0" encoding="UTF-8"?>
<!-- Generated by org.testng.reporters.JUnitXMLReporter -->
<testsuite ignored="2" hostname="MININT-86R5IFB" failures="1" tests="3" name="Login" time="13.837" errors="0" timestamp="2024-09-20T16:06:29 EDT">
  <testcase classname="com.salesforce.tests.Loginsalesforcetest" name="loginapplication" time="3.34"/>
  <testcase classname="com.salesforce.tests.Loginsalesforcetest" name="invalidusernameandpassword" time="1.191">
    <failure type="java.lang.AssertionError" message="expected [check your username and password. If you still can&amp;apos;t log in, contact your Salesforce administrator.] but found [Please check your username and password. If you still can&amp;apos;t log in, contact your Salesforce administrator.]">
      <![CDATA[java.lang.AssertionError: expected [check your username and password. If you still can't log in, contact your Salesforce administrator.] but found [Please check your username and password. If you still can't log in, contact your Salesforce administrator.]
at com.qa.base.BasePage.comparetext(BasePage.java:52)
at com.salesforce.pages.LoginPage.compareerrormessage(LoginPage.java:79)
at com.salesforce.tests.Loginsalesforcetest.invalidusernameandpassword(Loginsalesforcetest.java:78)
at java.base/java.util.ArrayList.forEach(ArrayList.java:1511)
... Removed 31 stack frames]]>
    </failure>
  </testcase> <!-- invalidusernameandpassword -->
  <testcase classname="com.salesforce.tests.Loginsalesforcetest" name="loginapplicationwithoutpassword" time="0.502"/>
  <testcase classname="com.salesforce.tests.Loginsalesforcetest" name="checkrememberme" time="0.0">
    <ignored/>
  </testcase> <!-- checkrememberme -->
  <testcase classname="com.salesforce.tests.Loginsalesforcetest" name="forgotpassword" time="0.0">
    <ignored/>
  </testcase> <!-- forgotpassword -->
</testsuite> <!-- Login -->
